<?xml version="1.0" encoding="UTF-8"?>
<Site BuildName="(empty)"
	BuildStamp="20251010-0121-Experimental"
	Name="(empty)"
	Generator="ctest-4.0.2"
	CompilerName=""
	CompilerVersion=""
	OSName="Windows"
	Hostname="Frame"
	OSRelease=" Personal"
	OSVersion=" (Build 26100)"
	OSPlatform="AMD64"
	Is64Bits="1"
	VendorString="GenuineIntel"
	VendorID="Intel Corporation"
	FamilyID="6"
	ModelID="10"
	ModelName=""
	ProcessorCacheSize="-1"
	NumberOfLogicalCPU="22"
	NumberOfPhysicalCPU="16"
	TotalVirtualMemory="34421"
	TotalPhysicalMemory="32373"
	LogicalProcessorsPerPhysical="1"
	ProcessorClockFrequency="3072"
	>
	<Testing>
		<StartDateTime>Oct 09 22:21 Argentina Standard Time</StartDateTime>
		<StartTestTime>1760059273</StartTestTime>
		<TestList/>
		<EndDateTime>Oct 09 22:21 Argentina Standard Time</EndDateTime>
		<EndTestTime>1760059273</EndTestTime>
		<ElapsedMinutes>0</ElapsedMinutes>
	</Testing>
</Site>
